#
# A fatal error has been detected by the Java Runtime Environment:
#
#  Internal Error (javaClasses.cpp:126), pid=15600, tid=15624
#  fatal error: Invalid layout of preloaded class
#
# JRE version:  (8.0_20-b26) (build )
# Java VM: Java HotSpot(TM) 64-Bit Server VM (25.20-b23 mixed mode windows-amd64 compressed oops)
# Failed to write core dump. Minidumps are not enabled by default on client versions of Windows
#
# If you would like to submit a bug report, please visit:
#   http://bugreport.sun.com/bugreport/crash.jsp
#

---------------  T H R E A D  ---------------

Current thread (0x00000000024af000):  JavaThread "Unknown thread" [_thread_in_vm, id=15624, stack(0x0000000002800000,0x0000000002900000)]

Stack: [0x0000000002800000,0x0000000002900000]
Native frames: (J=compiled Java code, j=interpreted, Vv=VM code, C=native code)
V  [jvm.dll+0x3152fa]
V  [jvm.dll+0x265d03]
V  [jvm.dll+0x266943]
V  [jvm.dll+0x25e1e6]
V  [jvm.dll+0x5e64c]
V  [jvm.dll+0x5e743]
V  [jvm.dll+0x7316a]
V  [jvm.dll+0x734c8]
V  [jvm.dll+0xe3937]
V  [jvm.dll+0xe3cc6]
V  [jvm.dll+0x1f89d7]
V  [jvm.dll+0x229fc4]
V  [jvm.dll+0x14c6f1]
C  [javaw.exe+0x20c6]
C  [javaw.exe+0xc9eb]
C  [javaw.exe+0xca7f]
C  [kernel32.dll+0x159cd]
C  [ntdll.dll+0x2b891]


---------------  P R O C E S S  ---------------

Java Threads: ( => current thread )

Other Threads:

=>0x00000000024af000 (exited) JavaThread "Unknown thread" [_thread_in_vm, id=15624, stack(0x0000000002800000,0x0000000002900000)]

VM state:not at safepoint (not fully initialized)

VM Mutex/Monitor currently owned by a thread: None

GC Heap History (0 events):
No events

Deoptimization events (0 events):
No events

Internal exceptions (0 events):
No events

Events (10 events):
Event: 0.698 loading class java/lang/CharSequence done
Event: 0.698 loading class java/lang/String done
Event: 0.698 loading class java/lang/Class
Event: 0.698 loading class java/lang/reflect/AnnotatedElement
Event: 0.699 loading class java/lang/reflect/AnnotatedElement done
Event: 0.699 loading class java/lang/reflect/GenericDeclaration
Event: 0.699 loading class java/lang/reflect/GenericDeclaration done
Event: 0.699 loading class java/lang/reflect/Type
Event: 0.699 loading class java/lang/reflect/Type done
Event: 0.699 loading class java/lang/Class done


Dynamic libraries:
0x000000013f370000 - 0x000000013f3a4000 	D:\JDK\bin\javaw.exe
0x0000000076e80000 - 0x0000000077028000 	C:\Windows\SYSTEM32\ntdll.dll
0x0000000076c00000 - 0x0000000076d1f000 	C:\Windows\system32\kernel32.dll
0x000007fefd3d0000 - 0x000007fefd43c000 	C:\Windows\system32\KERNELBASE.dll
0x000007fefdcd0000 - 0x000007fefddab000 	C:\Windows\system32\ADVAPI32.dll
0x000007fefdf90000 - 0x000007fefe02f000 	C:\Windows\system32\msvcrt.dll
0x000007fefda70000 - 0x000007fefda8f000 	C:\Windows\SYSTEM32\sechost.dll
0x000007fefd940000 - 0x000007fefda6d000 	C:\Windows\system32\RPCRT4.dll
0x0000000076780000 - 0x000000007687a000 	C:\Windows\system32\USER32.dll
0x000007fefded0000 - 0x000007fefdf37000 	C:\Windows\system32\GDI32.dll
0x000007fefddb0000 - 0x000007fefddbe000 	C:\Windows\system32\LPK.dll
0x000007fefe210000 - 0x000007fefe2d9000 	C:\Windows\system32\USP10.dll
0x000007fefc2e0000 - 0x000007fefc4d4000 	C:\Windows\WinSxS\amd64_microsoft.windows.common-controls_6595b64144ccf1df_6.0.7601.18837_none_fa3b1e3d17594757\COMCTL32.dll
0x000007fefd6b0000 - 0x000007fefd721000 	C:\Windows\system32\SHLWAPI.dll
0x000007fefddc0000 - 0x000007fefddee000 	C:\Windows\system32\IMM32.DLL
0x000007feff080000 - 0x000007feff189000 	C:\Windows\system32\MSCTF.dll
0x000007fefd2a0000 - 0x000007fefd2d1000 	C:\Windows\system32\nvinitx.dll
0x000000000f000000 - 0x000000000f006000 	C:\Program Files\NVIDIA Corporation\CoProcManager\detoured.dll
0x000007fefb490000 - 0x000007fefb4c2000 	C:\Program Files\NVIDIA Corporation\CoProcManager\nvd3d9wrapx.dll
0x000007fefe030000 - 0x000007fefe207000 	C:\Windows\system32\SETUPAPI.dll
0x000007fefd390000 - 0x000007fefd3c6000 	C:\Windows\system32\CFGMGR32.dll
0x000007fefdbd0000 - 0x000007fefdca7000 	C:\Windows\system32\OLEAUT32.dll
0x000007fefd730000 - 0x000007fefd933000 	C:\Windows\system32\ole32.dll
0x000007fefd4e0000 - 0x000007fefd4fa000 	C:\Windows\system32\DEVOBJ.dll
0x000007fefb460000 - 0x000007fefb482000 	C:\Program Files\NVIDIA Corporation\CoProcManager\nvdxgiwrapx.dll
0x0000000068500000 - 0x00000000685d2000 	D:\JDK\jre\bin\msvcr100.dll
0x00000000583c0000 - 0x0000000058c18000 	D:\JDK\jre\bin\server\jvm.dll
0x000007fef7850000 - 0x000007fef7859000 	C:\Windows\system32\WSOCK32.dll
0x000007fefdf40000 - 0x000007fefdf8d000 	C:\Windows\system32\WS2_32.dll
0x000007feff070000 - 0x000007feff078000 	C:\Windows\system32\NSI.dll
0x000007fefae70000 - 0x000007fefaeab000 	C:\Windows\system32\WINMM.dll
0x0000000077040000 - 0x0000000077047000 	C:\Windows\system32\PSAPI.DLL
0x000000006ffe0000 - 0x000000006ffef000 	D:\JDK\jre\bin\verify.dll
0x000000006b3b0000 - 0x000000006b3d8000 	D:\JDK\jre\bin\java.dll
0x000000006b7d0000 - 0x000000006b7e6000 	D:\JDK\jre\bin\zip.dll
0x000007fef17a0000 - 0x000007fef18c5000 	C:\Windows\system32\dbghelp.dll

VM Arguments:
jvm_args: -Dfile.encoding=UTF-8 -Xbootclasspath:D:\sdk\Luna For Android\android-sdk\platforms\android-21\android.jar 
java_command: com.schytd.discount.tools.AESUtils
java_class_path (initial): C:\Users\Administrator\workspace\discount_android\libs\httpmime-4.1.3.jar;C:\Users\Administrator\workspace\discount_android\libs\SocialSDK_QQZone_2.jar;C:\Users\Administrator\workspace\discount_android\libs\umeng_social_sdk.jar;C:\Users\Administrator\workspace\discount_android\libs\GetuiExt-2.0.3.jar;C:\Users\Administrator\workspace\discount_android\libs\SocialSDK_tencentWB_3.jar;C:\Users\Administrator\workspace\discount_android\libs\android-smart-image-view-1.0.0.jar;C:\Users\Administrator\workspace\discount_android\libs\SocialSDK_renren_2.jar;C:\Users\Administrator\workspace\discount_android\libs\universal-image-loader-1.9.2-SNAPSHOT-with-sources.jar;C:\Users\Administrator\workspace\discount_android\libs\SocialSDK_yixin_2.jar;C:\Users\Administrator\workspace\discount_android\libs\SocialSDK_QQZone_1.jar;C:\Users\Administrator\workspace\discount_android\libs\SocialSDK_Sina.jar;C:\Users\Administrator\workspace\discount_android\libs\SocialSDK_tencentWB_2.jar;C:\Users\Administrator\workspace\discount_android\libs\SocialSDK_renren_1.jar;C:\Users\Administrator\workspace\discount_android\libs\zxing.jar;C:\Users\Administrator\workspace\discount_android\libs\SocialSDK_yixin_1.jar;C:\Users\Administrator\workspace\discount_android\libs\SocialSDK_WeiXin_1.jar;C:\Users\Administrator\workspace\android-support-v7-appcompat\libs\android-support-v4.jar;C:\Users\Administrator\workspace\discount_android\libs\SocialSDK_tencentWB_1.jar;C:\Users\Administrator\workspace\discount_android\libs\nineoldandroids-2.4.0.jar;C:\Users\Administrator\workspace\discount_android\libs\SocialSDK_WeiXin_2.jar;C:\Users\Administrator\workspace\discount_android\libs\BaiduLBS_Android.jar;C:\Users\Administrator\workspace\discount_android\libs\json_simple-1.1.jar;C:\Users\Administrator\workspace\discount_android\libs\sun.misc.BASE64Decoder.jar;C:\Users\Administrator\workspace\discount_android\libs\GetuiSdk2.5.0.0.jar;C:\Users\Administrator\workspace\discount_android\libs\SocialSDK
Launcher Type: SUN_STANDARD

Environment Variables:
JAVA_HOME=D:\JDK\
CLASSPATH=.;D:\JDK\\lib;D:\JDK\\lib\tools.jar
PATH=D:/JRE/bin/server;D:/JRE/bin;D:/JRE/lib/amd64;C:\Program Files (x86)\PC Connectivity Solution\;C:\ProgramData\Oracle\Java\javapath;C:\Program Files (x86)\NVIDIA Corporation\PhysX\Common;C:\Program Files (x86)\Intel\iCLS Client\;C:\Program Files\Intel\iCLS Client\;%SystemRoot%\system32;%SystemRoot%;%SystemRoot%\System32\Wbem;%SYSTEMROOT%\System32\WindowsPowerShell\v1.0\;C:\Program Files\Intel\Intel(R) Management Engine Components\DAL;C:\Program Files\Intel\Intel(R) Management Engine Components\IPT;C:\Program Files (x86)\Intel\Intel(R) Management Engine Components\DAL;C:\Program Files (x86)\Intel\Intel(R) Management Engine Components\IPT;C:\Program Files (x86)\Intel\OpenCL SDK\2.0\bin\x86;C:\Program Files (x86)\Intel\OpenCL SDK\2.0\bin\x64;C:\Program Files\WIDCOMM\Bluetooth Software\;C:\Program Files\WIDCOMM\Bluetooth Software\syswow64;C:\Program Files\TortoiseSVN\bin;C:\Program Files\VisualSVN Server\bin;C:\Program Files\Intel\WiFi\bin\;C:\Program Files\Common Files\Intel\WirelessCommon\;D:\JDK\\bin;D:\JDK\\jre\bin;;D:\eclipse;
USERNAME=Administrator
OS=Windows_NT
PROCESSOR_IDENTIFIER=Intel64 Family 6 Model 58 Stepping 9, GenuineIntel



---------------  S Y S T E M  ---------------

OS: Windows 7 , 64 bit Build 7601 Service Pack 1

CPU:total 4 (2 cores per cpu, 2 threads per core) family 6 model 58 stepping 9, cmov, cx8, fxsr, mmx, sse, sse2, sse3, ssse3, sse4.1, sse4.2, popcnt, avx, aes, clmul, erms, ht, tsc, tscinvbit, tscinv

Memory: 4k page, physical 4094316k(988420k free), swap 8186780k(3652776k free)

vm_info: Java HotSpot(TM) 64-Bit Server VM (25.20-b23) for windows-amd64 JRE (1.8.0_20-b26), built on Jul 30 2014 13:51:23 by "java_re" with MS VC++ 10.0 (VS2010)

time: Wed Oct 07 11:12:19 2015
elapsed time: 0 seconds (0d 0h 0m 0s)

